2013-07-27 22:28:35 Error: Array
(
    [0] => Array
        (
            [Region] => Array
                (
                    [id] => 23
                    [title] => Dhaka
                )

            [Area] => Array
                (
                    [0] => Array
                        (
                            [id] => 65
                            [region_id] => 23
                            [title] => Dhaka Central
                            [Region] => Array
                                (
                                    [id] => 23
                                    [title] => Dhaka
                                )

                            [House] => Array
                                (
                                    [0] => Array
                                        (
                                            [id] => 202
                                            [area_id] => 65
                                            [title] => Agrani Trading, Moghbazar 
                                        )

                                    [1] => Array
                                        (
                                            [id] => 203
                                            [area_id] => 65
                                            [title] => Agrani Trading, Gulshan
                                        )

                                    [2] => Array
                                        (
                                            [id] => 204
                                            [area_id] => 65
                                            [title] => Agrani Trading, Motijheel
                                        )

                                    [3] => Array
                                        (
                                            [id] => 205
                                            [area_id] => 65
                                            [title] => Agrani Trading, Mirpur
                                        )

                                )

                        )

                    [1] => Array
                        (
                            [id] => 66
                            [region_id] => 23
                            [title] => Dhaka South
                            [Region] => Array
                                (
                                    [id] => 23
                                    [title] => Dhaka
                                )

                            [House] => Array
                                (
                                    [0] => Array
                                        (
                                            [id] => 206
                                            [area_id] => 66
                                            [title] => The jamal & Co, Dhanmondi
                                        )

                                    [1] => Array
                                        (
                                            [id] => 207
                                            [area_id] => 66
                                            [title] => The jamal & Co, Naryanganj
                                        )

                                    [2] => Array
                                        (
                                            [id] => 208
                                            [area_id] => 66
                                            [title] => Sales Promotion Service
                                        )

                                )

                        )

                    [2] => Array
                        (
                            [id] => 67
                            [region_id] => 23
                            [title] => Dhaka West
                            [Region] => Array
                                (
                                    [id] => 23
                                    [title] => Dhaka
                                )

                            [House] => Array
                                (
                                    [0] => Array
                                        (
                                            [id] => 209
                                            [area_id] => 67
                                            [title] => Alam Corporation Limited
                                        )

                                    [1] => Array
                                        (
                                            [id] => 210
                                            [area_id] => 67
                                            [title] => Hossain Brothers
                                        )

                                )

                        )

                    [3] => Array
                        (
                            [id] => 68
                            [region_id] => 23
                            [title] => Dhaka North
                            [Region] => Array
                                (
                                    [id] => 23
                                    [title] => Dhaka
                                )

                            [House] => Array
                                (
                                    [0] => Array
                                        (
                                            [id] => 211
                                            [area_id] => 68
                                            [title] => Azahar  Trading Ltd.
                                        )

                                    [1] => Array
                                        (
                                            [id] => 212
                                            [area_id] => 68
                                            [title] => A.M.I & Company
                                        )

                                    [2] => Array
                                        (
                                            [id] => 213
                                            [area_id] => 68
                                            [title] => S.M Shahnewaz & Com
                                        )

                                )

                        )

                )

            [Achievement] => Array
                (
                )

        )

    [1] => Array
        (
            [Region] => Array
                (
                    [id] => 24
                    [title] => CTG
                )

            [Area] => Array
                (
                    [0] => Array
                        (
                            [id] => 69
                            [region_id] => 24
                            [title] => CTG North
                            [Region] => Array
                                (
                                    [id] => 24
                                    [title] => CTG
                                )

                            [House] => Array
                                (
                                    [0] => Array
                                        (
                                            [id] => 214
                                            [area_id] => 69
                                            [title] => Zahid Enterprise
                                        )

                                    [1] => Array
                                        (
                                            [id] => 215
                                            [area_id] => 69
                                            [title] => Arafa Store
                                        )

                                )

                        )

                    [1] => Array
                        (
                            [id] => 70
                            [region_id] => 24
                            [title] => CTG South
                            [Region] => Array
                                (
                                    [id] => 24
                                    [title] => CTG
                                )

                            [House] => Array
                                (
                                    [0] => Array
                                        (
                                            [id] => 216
                                            [area_id] => 70
                                            [title] => Prime Enterprise
                                        )

                                    [1] => Array
                                        (
                                            [id] => 217
                                            [area_id] => 70
                                            [title] => Al-amin Store
                                        )

                                )

                        )

                    [2] => Array
                        (
                            [id] => 71
                            [region_id] => 24
                            [title] => Comilla
                            [Region] => Array
                                (
                                    [id] => 24
                                    [title] => CTG
                                )

                            [House] => Array
                                (
                                    [0] => Array
                                        (
                                            [id] => 218
                                            [area_id] => 71
                                            [title] => M/S Fariduddin Ahmed
                                        )

                                    [1] => Array
                                        (
                                            [id] => 219
                                            [area_id] => 71
                                            [title] => M/S Abdul Latif Chowdhury
                                        )

                                    [2] => Array
                                        (
                                            [id] => 220
                                            [area_id] => 71
                                            [title] => New Sagorica,Chandpur
                                        )

                                )

                        )

                    [3] => Array
                        (
                            [id] => 72
                            [region_id] => 24
                            [title] => Chowmuhuni
                            [Region] => Array
                                (
                                    [id] => 24
                                    [title] => CTG
                                )

                            [House] => Array
                                (
                                    [0] => Array
                                        (
                                            [id] => 221
                                            [area_id] => 72
                                            [title] => M/S Habib Brothers 
                                        )

                                    [1] => Array
                                        (
                                            [id] => 222
                                            [area_id] => 72
                                            [title] => M/S Momin store
                                        )

                                )

                        )

                )

            [Achievement] => Array
                (
                )

        )

    [2] => Array
        (
            [Region] => Array
                (
                    [id] => 25
                    [title] => Sylhet
                )

            [Area] => Array
                (
                    [0] => Array
                        (
                            [id] => 73
                            [region_id] => 25
                            [title] => Sylhet
                            [Region] => Array
                                (
                                    [id] => 25
                                    [title] => Sylhet
                                )

                            [House] => Array
                                (
                                    [0] => Array
                                        (
                                            [id] => 223
                                            [area_id] => 73
                                            [title] => MBKB Sylhet
                                        )

                                    [1] => Array
                                        (
                                            [id] => 224
                                            [area_id] => 73
                                            [title] => MBKB Sunamgonj
                                        )

                                    [2] => Array
                                        (
                                            [id] => 225
                                            [area_id] => 73
                                            [title] => South Sylhet M.Bazar
                                        )

                                )

                        )

                    [1] => Array
                        (
                            [id] => 74
                            [region_id] => 25
                            [title] => B.Baria
                            [Region] => Array
                                (
                                    [id] => 25
                                    [title] => Sylhet
                                )

                            [House] => Array
                                (
                                    [0] => Array
                                        (
                                            [id] => 226
                                            [area_id] => 74
                                            [title] => M/S Sharif Store
                                        )

                                    [1] => Array
                                        (
                                            [id] => 227
                                            [area_id] => 74
                                            [title] => M/S B.C Paul
                                        )

                                    [2] => Array
                                        (
                                            [id] => 228
                                            [area_id] => 74
                                            [title] => M/S JR Corporation
                                        )

                                )

                        )

                    [2] => Array
                        (
                            [id] => 75
                            [region_id] => 25
                            [title] => Mymensingh
                            [Region] => Array
                                (
                                    [id] => 25
                                    [title] => Sylhet
                                )

                            [House] => Array
                                (
                                    [0] => Array
                                        (
                                            [id] => 229
                                            [area_id] => 75
                                            [title] => M/S Noor Sons
                                        )

                                    [1] => Array
                                        (
                                            [id] => 230
                                            [area_id] => 75
                                            [title] => Amin&Co. Sherpur
                                        )

                                    [2] => Array
                                        (
                                            [id] => 231
                                            [area_id] => 75
                                            [title] => M/S Islam traders
                                        )

                                    [3] => Array
                                        (
                                            [id] => 232
                                            [area_id] => 75
                                            [title] => M/S Shoshi Mohon Roy
                                        )

                                )

                        )

                )

            [Achievement] => Array
                (
                )

        )

    [3] => Array
        (
            [Region] => Array
                (
                    [id] => 26
                    [title] => Bogra
                )

            [Area] => Array
                (
                    [0] => Array
                        (
                            [id] => 76
                            [region_id] => 26
                            [title] => Bogra
                            [Region] => Array
                                (
                                    [id] => 26
                                    [title] => Bogra
                                )

                            [House] => Array
                                (
                                    [0] => Array
                                        (
                                            [id] => 233
                                            [area_id] => 76
                                            [title] => Mr Brothers Bogra
                                        )

                                    [1] => Array
                                        (
                                            [id] => 234
                                            [area_id] => 76
                                            [title] => Mr Brothers Sirajgonj
                                        )

                                    [2] => Array
                                        (
                                            [id] => 235
                                            [area_id] => 76
                                            [title] => Spectrum, Joypurhat
                                        )

                                    [3] => Array
                                        (
                                            [id] => 236
                                            [area_id] => 76
                                            [title] => Channa & Brothers, Naogaon
                                        )

                                )

                        )

                    [1] => Array
                        (
                            [id] => 77
                            [region_id] => 26
                            [title] => Rajshahi
                            [Region] => Array
                                (
                                    [id] => 26
                                    [title] => Bogra
                                )

                            [House] => Array
                                (
                                    [0] => Array
                                        (
                                            [id] => 237
                                            [area_id] => 77
                                            [title] => M/S Abul Hossain, Rajshahi
                                        )

                                    [1] => Array
                                        (
                                            [id] => 238
                                            [area_id] => 77
                                            [title] => M/S Haque & Co. Chapai
                                        )

                                    [2] => Array
                                        (
                                            [id] => 239
                                            [area_id] => 77
                                            [title] => M/S Abul Hossain, Natore
                                        )

                                    [3] => Array
                                        (
                                            [id] => 240
                                            [area_id] => 77
                                            [title] => Daffodils, Pabna
                                        )

                                )

                        )

                    [2] => Array
                        (
                            [id] => 78
                            [region_id] => 26
                            [title] => Rangpur
                            [Region] => Array
                                (
                                    [id] => 26
                                    [title] => Bogra
                                )

                            [House] => Array
                                (
                                    [0] => Array
                                        (
                                            [id] => 241
                                            [area_id] => 78
                                            [title] => Shaireen Enterprise
                                        )

                                    [1] => Array
                                        (
                                            [id] => 242
                                            [area_id] => 78
                                            [title] => Zaara Tradelink
                                        )

                                    [2] => Array
                                        (
                                            [id] => 243
                                            [area_id] => 78
                                            [title] => Moulovi Brothers
                                        )

                                )

                        )

                )

            [Achievement] => Array
                (
                )

        )

    [4] => Array
        (
            [Region] => Array
                (
                    [id] => 27
                    [title] => Khulna
                )

            [Area] => Array
                (
                    [0] => Array
                        (
                            [id] => 79
                            [region_id] => 27
                            [title] => Khulna
                            [Region] => Array
                                (
                                    [id] => 27
                                    [title] => Khulna
                                )

                            [House] => Array
                                (
                                    [0] => Array
                                        (
                                            [id] => 244
                                            [area_id] => 79
                                            [title] => Rafiq Enterprise
                                        )

                                    [1] => Array
                                        (
                                            [id] => 245
                                            [area_id] => 79
                                            [title] => M/S Shaike Brothers
                                        )

                                    [2] => Array
                                        (
                                            [id] => 246
                                            [area_id] => 79
                                            [title] => M/S Azizur Rahman
                                        )

                                    [3] => Array
                                        (
                                            [id] => 247
                                            [area_id] => 79
                                            [title] => Akram Enterprise
                                        )

                                )

                        )

                    [1] => Array
                        (
                            [id] => 80
                            [region_id] => 27
                            [title] => Kushtia
                            [Region] => Array
                                (
                                    [id] => 27
                                    [title] => Khulna
                                )

                            [House] => Array
                                (
                                    [0] => Array
                                        (
                                            [id] => 248
                                            [area_id] => 80
                                            [title] => M/S Joardder Traders
                                        )

                                    [1] => Array
                                        (
                                            [id] => 249
                                            [area_id] => 80
                                            [title] => Sanaullah Traders
                                        )

                                    [2] => Array
                                        (
                                            [id] => 250
                                            [area_id] => 80
                                            [title] => Desh Trade Link
                                        )

                                    [3] => Array
                                        (
                                            [id] => 251
                                            [area_id] => 80
                                            [title] => Mir Akhter Hossain Ltd
                                        )

                                    [4] => Array
                                        (
                                            [id] => 252
                                            [area_id] => 80
                                            [title] => M/S Tarik Ahmed Dipu
                                        )

                                )

                        )

                    [2] => Array
                        (
                            [id] => 81
                            [region_id] => 27
                            [title] => Barisal
                            [Region] => Array
                                (
                                    [id] => 27
                                    [title] => Khulna
                                )

                            [House] => Array
                                (
                                    [0] => Array
                                        (
                                            [id] => 253
                                            [area_id] => 81
                                            [title] => J. Ahmed & Co,
                                        )

                                    [1] => Array
                                        (
                                            [id] => 254
                                            [area_id] => 81
                                            [title] => A. Rahman & Son
                                        )

                                    [2] => Array
                                        (
                                            [id] => 255
                                            [area_id] => 81
                                            [title] => Lubna Traders
                                        )

                                    [3] => Array
                                        (
                                            [id] => 256
                                            [area_id] => 81
                                            [title] => Kazi Sayed Ali
                                        )

                                    [4] => Array
                                        (
                                            [id] => 257
                                            [area_id] => 81
                                            [title] => Hajee & Son, 
                                        )

                                    [5] => Array
                                        (
                                            [id] => 258
                                            [area_id] => 81
                                            [title] => Humayun Store
                                        )

                                )

                        )

                )

            [Achievement] => Array
                (
                )

        )

)

2013-07-27 22:28:35 Error: Array
(
    [Campaign] => Array
        (
            [title] => Second Campaign
            [total_target] => 285
            [start_date] => 2013-08-01 00:00:00
            [end_date] => 2013-08-10 00:00:00
        )

    [CampaignDetail] => Array
        (
            [0] => Array
                (
                    [house_id] => 202
                    [house_target] => 5
                )

            [1] => Array
                (
                    [house_id] => 203
                    [house_target] => 5
                )

            [2] => Array
                (
                    [house_id] => 204
                    [house_target] => 5
                )

            [3] => Array
                (
                    [house_id] => 205
                    [house_target] => 5
                )

            [4] => Array
                (
                    [house_id] => 206
                    [house_target] => 5
                )

            [5] => Array
                (
                    [house_id] => 207
                    [house_target] => 5
                )

            [6] => Array
                (
                    [house_id] => 208
                    [house_target] => 5
                )

            [7] => Array
                (
                    [house_id] => 209
                    [house_target] => 5
                )

            [8] => Array
                (
                    [house_id] => 210
                    [house_target] => 5
                )

            [9] => Array
                (
                    [house_id] => 211
                    [house_target] => 5
                )

            [10] => Array
                (
                    [house_id] => 212
                    [house_target] => 5
                )

            [11] => Array
                (
                    [house_id] => 213
                    [house_target] => 5
                )

            [12] => Array
                (
                    [house_id] => 214
                    [house_target] => 5
                )

            [13] => Array
                (
                    [house_id] => 215
                    [house_target] => 5
                )

            [14] => Array
                (
                    [house_id] => 216
                    [house_target] => 5
                )

            [15] => Array
                (
                    [house_id] => 217
                    [house_target] => 5
                )

            [16] => Array
                (
                    [house_id] => 218
                    [house_target] => 5
                )

            [17] => Array
                (
                    [house_id] => 219
                    [house_target] => 5
                )

            [18] => Array
                (
                    [house_id] => 220
                    [house_target] => 5
                )

            [19] => Array
                (
                    [house_id] => 221
                    [house_target] => 5
                )

            [20] => Array
                (
                    [house_id] => 222
                    [house_target] => 5
                )

            [21] => Array
                (
                    [house_id] => 223
                    [house_target] => 5
                )

            [22] => Array
                (
                    [house_id] => 224
                    [house_target] => 5
                )

            [23] => Array
                (
                    [house_id] => 225
                    [house_target] => 5
                )

            [24] => Array
                (
                    [house_id] => 226
                    [house_target] => 5
                )

            [25] => Array
                (
                    [house_id] => 227
                    [house_target] => 5
                )

            [26] => Array
                (
                    [house_id] => 228
                    [house_target] => 5
                )

            [27] => Array
                (
                    [house_id] => 229
                    [house_target] => 5
                )

            [28] => Array
                (
                    [house_id] => 230
                    [house_target] => 5
                )

            [29] => Array
                (
                    [house_id] => 231
                    [house_target] => 5
                )

            [30] => Array
                (
                    [house_id] => 232
                    [house_target] => 5
                )

            [31] => Array
                (
                    [house_id] => 233
                    [house_target] => 5
                )

            [32] => Array
                (
                    [house_id] => 234
                    [house_target] => 5
                )

            [33] => Array
                (
                    [house_id] => 235
                    [house_target] => 5
                )

            [34] => Array
                (
                    [house_id] => 236
                    [house_target] => 5
                )

            [35] => Array
                (
                    [house_id] => 237
                    [house_target] => 5
                )

            [36] => Array
                (
                    [house_id] => 238
                    [house_target] => 5
                )

            [37] => Array
                (
                    [house_id] => 239
                    [house_target] => 5
                )

            [38] => Array
                (
                    [house_id] => 240
                    [house_target] => 5
                )

            [39] => Array
                (
                    [house_id] => 241
                    [house_target] => 5
                )

            [40] => Array
                (
                    [house_id] => 242
                    [house_target] => 5
                )

            [41] => Array
                (
                    [house_id] => 243
                    [house_target] => 5
                )

            [42] => Array
                (
                    [house_id] => 244
                    [house_target] => 5
                )

            [43] => Array
                (
                    [house_id] => 245
                    [house_target] => 5
                )

            [44] => Array
                (
                    [house_id] => 246
                    [house_target] => 5
                )

            [45] => Array
                (
                    [house_id] => 247
                    [house_target] => 5
                )

            [46] => Array
                (
                    [house_id] => 248
                    [house_target] => 5
                )

            [47] => Array
                (
                    [house_id] => 249
                    [house_target] => 5
                )

            [48] => Array
                (
                    [house_id] => 250
                    [house_target] => 5
                )

            [49] => Array
                (
                    [house_id] => 251
                    [house_target] => 5
                )

            [50] => Array
                (
                    [house_id] => 252
                    [house_target] => 5
                )

            [51] => Array
                (
                    [house_id] => 253
                    [house_target] => 5
                )

            [52] => Array
                (
                    [house_id] => 254
                    [house_target] => 5
                )

            [53] => Array
                (
                    [house_id] => 255
                    [house_target] => 5
                )

            [54] => Array
                (
                    [house_id] => 256
                    [house_target] => 5
                )

            [55] => Array
                (
                    [house_id] => 257
                    [house_target] => 5
                )

            [56] => Array
                (
                    [house_id] => 258
                    [house_target] => 5
                )

        )

)
2013-07-28 00:57:27 Error: Array
(
    [0] => Array
        (
            [Achievement] => Array
                (
                    [id] => 2
                    [campaign_id] => 7
                    [region_id] => 23
                    [region_target] => 60
                    [region_achieved] => 0
                )

        )

    [1] => Array
        (
            [Achievement] => Array
                (
                    [id] => 3
                    [campaign_id] => 7
                    [region_id] => 24
                    [region_target] => 45
                    [region_achieved] => 0
                )

        )

    [2] => Array
        (
            [Achievement] => Array
                (
                    [id] => 4
                    [campaign_id] => 7
                    [region_id] => 25
                    [region_target] => 50
                    [region_achieved] => 0
                )

        )

    [3] => Array
        (
            [Achievement] => Array
                (
                    [id] => 5
                    [campaign_id] => 7
                    [region_id] => 26
                    [region_target] => 55
                    [region_achieved] => 0
                )

        )

    [4] => Array
        (
            [Achievement] => Array
                (
                    [id] => 6
                    [campaign_id] => 7
                    [region_id] => 27
                    [region_target] => 120
                    [region_achieved] => 0
                )

        )

)

2013-07-28 00:58:15 Error: Array
(
    [0] => Array
        (
            [Achievement] => Array
                (
                    [id] => 2
                    [campaign_id] => 7
                    [region_id] => 23
                    [region_target] => 60
                    [region_achieved] => 0
                )

        )

    [1] => Array
        (
            [Achievement] => Array
                (
                    [id] => 3
                    [campaign_id] => 7
                    [region_id] => 24
                    [region_target] => 45
                    [region_achieved] => 0
                )

        )

    [2] => Array
        (
            [Achievement] => Array
                (
                    [id] => 4
                    [campaign_id] => 7
                    [region_id] => 25
                    [region_target] => 50
                    [region_achieved] => 0
                )

        )

    [3] => Array
        (
            [Achievement] => Array
                (
                    [id] => 5
                    [campaign_id] => 7
                    [region_id] => 26
                    [region_target] => 55
                    [region_achieved] => 0
                )

        )

    [4] => Array
        (
            [Achievement] => Array
                (
                    [id] => 6
                    [campaign_id] => 7
                    [region_id] => 27
                    [region_target] => 120
                    [region_achieved] => 0
                )

        )

)

2013-07-28 00:59:24 Error: Array
(
    [0] => Array
        (
            [Achievement] => Array
                (
                    [id] => 2
                    [campaign_id] => 7
                    [region_id] => 23
                    [region_target] => 60
                    [region_achieved] => 0
                )

        )

    [1] => Array
        (
            [Achievement] => Array
                (
                    [id] => 3
                    [campaign_id] => 7
                    [region_id] => 24
                    [region_target] => 45
                    [region_achieved] => 0
                )

        )

    [2] => Array
        (
            [Achievement] => Array
                (
                    [id] => 4
                    [campaign_id] => 7
                    [region_id] => 25
                    [region_target] => 50
                    [region_achieved] => 0
                )

        )

    [3] => Array
        (
            [Achievement] => Array
                (
                    [id] => 5
                    [campaign_id] => 7
                    [region_id] => 26
                    [region_target] => 55
                    [region_achieved] => 0
                )

        )

    [4] => Array
        (
            [Achievement] => Array
                (
                    [id] => 6
                    [campaign_id] => 7
                    [region_id] => 27
                    [region_target] => 115
                    [region_achieved] => 0
                )

        )

)

2013-07-28 01:01:16 Error: Array
(
    [0] => Array
        (
            [Achievement] => Array
                (
                    [id] => 2
                    [campaign_id] => 7
                    [region_id] => 23
                    [region_target] => 60
                    [region_achieved] => 0
                )

        )

    [1] => Array
        (
            [Achievement] => Array
                (
                    [id] => 3
                    [campaign_id] => 7
                    [region_id] => 24
                    [region_target] => 45
                    [region_achieved] => 0
                )

        )

    [2] => Array
        (
            [Achievement] => Array
                (
                    [id] => 4
                    [campaign_id] => 7
                    [region_id] => 25
                    [region_target] => 50
                    [region_achieved] => 0
                )

        )

    [3] => Array
        (
            [Achievement] => Array
                (
                    [id] => 5
                    [campaign_id] => 7
                    [region_id] => 26
                    [region_target] => 55
                    [region_achieved] => 0
                )

        )

    [4] => Array
        (
            [Achievement] => Array
                (
                    [id] => 6
                    [campaign_id] => 7
                    [region_id] => 27
                    [region_target] => 120
                    [region_achieved] => 0
                )

        )

)

